<?xml version="1.0" encoding="UTF-8"?>
<!-- Generated by org.testng.reporters.JUnitXMLReporter -->
<testsuite ignored="3" hostname="DESKTOP-1N09MB5" failures="0" tests="1" name="edgetest" time="13.231" errors="0" timestamp="2024-12-11T12:14:04 IST">
  <testcase classname="testscript.LoginTest" name="verifyUserIsAbleToLogin_ValidCredentials" time="1.167"/>
  <testcase classname="testscript.LoginTest" name="verifyUserIsAbleToLogin_ValidUsernameInvalidPasswaord" time="0.0">
    <ignored/>
  </testcase> <!-- verifyUserIsAbleToLogin_ValidUsernameInvalidPasswaord -->
  <testcase classname="testscript.LoginTest" name="verifyUserIsAbleToLogin_InValidUsernamevalidPassword" time="0.0">
    <ignored/>
  </testcase> <!-- verifyUserIsAbleToLogin_InValidUsernamevalidPassword -->
  <testcase classname="testscript.LoginTest" name="verifyUserIsAbleToLogin_InValidCredentials" time="0.0">
    <ignored/>
  </testcase> <!-- verifyUserIsAbleToLogin_InValidCredentials -->
</testsuite> <!-- edgetest -->
