<?xml version="1.0" encoding="UTF-8"?>
<!-- Generated by org.testng.reporters.JUnitXMLReporter -->
<testsuite ignored="3" hostname="DESKTOP-1N09MB5" failures="0" tests="1" name="grouping" time="5.904" errors="0" timestamp="2024-12-19T19:48:55 IST">
  <testcase classname="testscript.LoginTest" name="verifyUserIsAbleToLogin_ValidUsernameInvalidPasswaord" time="2.356"/>
  <testcase classname="testscript.LoginTest" name="verifyUserIsAbleToLogin_InValidCredentials" time="0.0">
    <ignored/>
  </testcase> <!-- verifyUserIsAbleToLogin_InValidCredentials -->
  <testcase classname="testscript.LoginTest" name="verifyUserIsAbleToLogin_ValidCredentials" time="0.0">
    <ignored/>
  </testcase> <!-- verifyUserIsAbleToLogin_ValidCredentials -->
  <testcase classname="testscript.LoginTest" name="verifyUserIsAbleToLogin_InValidUsernamevalidPassword" time="0.0">
    <ignored/>
  </testcase> <!-- verifyUserIsAbleToLogin_InValidUsernamevalidPassword -->
</testsuite> <!-- grouping -->
