<?xml version="1.0" encoding="UTF-8"?>
<testng-results ignored="0" total="1" passed="1" failed="0" skipped="0">
  <reporter-output>
  </reporter-output>
  <suite started-at="2024-12-19T19:48:49 IST" name="Suite" finished-at="2024-12-19T19:48:55 IST" duration-ms="5904">
    <groups>
      <group name="smoketest">
        <method signature="LoginTest.verifyUserIsAbleToLogin_ValidUsernameInvalidPasswaord()[pri:0, instance:testscript.LoginTest@55141def]" name="verifyUserIsAbleToLogin_ValidUsernameInvalidPasswaord" class="testscript.LoginTest"/>
      </group> <!-- smoketest -->
    </groups>
    <test started-at="2024-12-19T19:48:49 IST" name="grouping" finished-at="2024-12-19T19:48:55 IST" duration-ms="5904">
      <class name="testscript.LoginTest">
        <test-method is-config="true" signature="beforeMethod(java.lang.String)[pri:0, instance:testscript.LoginTest@55141def]" started-at="2024-12-19T19:48:49 IST" name="beforeMethod" finished-at="2024-12-19T19:48:53 IST" duration-ms="3456" status="PASS">
          <params>
            <param index="0">
              <value>
                <![CDATA[chrome]]>
              </value>
            </param>
          </params>
          <reporter-output>
          </reporter-output>
        </test-method> <!-- beforeMethod -->
        <test-method signature="verifyUserIsAbleToLogin_ValidUsernameInvalidPasswaord()[pri:0, instance:testscript.LoginTest@55141def]" started-at="2024-12-19T19:48:53 IST" name="verifyUserIsAbleToLogin_ValidUsernameInvalidPasswaord" finished-at="2024-12-19T19:48:55 IST" duration-ms="2356" status="PASS">
          <reporter-output>
          </reporter-output>
        </test-method> <!-- verifyUserIsAbleToLogin_ValidUsernameInvalidPasswaord -->
      </class> <!-- testscript.LoginTest -->
    </test> <!-- grouping -->
  </suite> <!-- Suite -->
</testng-results>
