<?xml version="1.0" encoding="UTF-8"?>
<!-- Generated by org.testng.reporters.JUnitXMLReporter -->
<testsuite ignored="3" hostname="DESKTOP-1N09MB5" failures="0" tests="2" name="chrometest" time="11.549" errors="0" timestamp="2024-12-19T19:33:50 IST">
  <testcase classname="testscript.LoginTest" name="verifyUserIsAbleToLogin_ValidCredentials" time="1.703"/>
  <testcase classname="testscript.AdminUser_Add_Test" name="verifywhetheruserisadded" time="6.507"/>
  <testcase classname="testscript.LoginTest" name="verifyUserIsAbleToLogin_ValidUsernameInvalidPasswaord" time="0.0">
    <ignored/>
  </testcase> <!-- verifyUserIsAbleToLogin_ValidUsernameInvalidPasswaord -->
  <testcase classname="testscript.LoginTest" name="verifyUserIsAbleToLogin_InValidUsernamevalidPassword" time="0.0">
    <ignored/>
  </testcase> <!-- verifyUserIsAbleToLogin_InValidUsernamevalidPassword -->
  <testcase classname="testscript.LoginTest" name="verifyUserIsAbleToLogin_InValidCredentials" time="0.0">
    <ignored/>
  </testcase> <!-- verifyUserIsAbleToLogin_InValidCredentials -->
</testsuite> <!-- chrometest -->
